4
14:6 19:9 1:15 7:16
14:6 19:9 7:15 1:16
19:6 14:9 1:15 7:16
19:6 14:9 7:15 1:16
2
0:2 12:4 5:11
12:2 0:4 5:11
1
8:7 14:10 9:16
2
14:2 0:5 18:11 5:16
14:2 0:5 5:11 18:16
4
0:7 6:9
19:7 6:9
6:7 0:9
6:7 19:9
2
15:10 4:11 19:16
4:10 15:11 19:16
1
5:1
1
1:3 3:5 17:8 14:16
8
12:3 19:11 4:13
12:3 4:11 19:13
15:3 19:11 4:13
15:3 4:11 19:13
19:3 15:11 4:13
19:3 4:11 15:13
4:3 15:11 19:13
4:3 19:11 15:13
1
9:8 6:9 3:13 14:16
1
17:2 10:13
2
13:0 16:4 14:7 8:8
13:0 16:4 8:7 14:8
6
10:7 11:10 2:13
10:7 2:10 11:13
11:7 10:10 2:13
11:7 2:10 10:13
2:7 10:10 11:13
2:7 11:10 10:13
2
14:3 7:5 19:18
7:3 14:5 19:18
1
8:2 11:3
1
8:0 15:10 16:16
2
18:1 8:2 15:6
8:1 18:2 15:6
2
19:9 9:11 18:17
9:9 19:11 18:17
3
0:0 7:3 18:7 5:16
7:0 0:3 18:7 5:16
7:0 18:3 0:7 5:16
4
12:6 1:9 19:11
19:6 1:9 12:11
1:6 12:9 19:11
1:6 19:9 12:11
